__tests__/components/lot-manager-dialog.test.tsx(2,52): error TS2307: Cannot find module '@testing-library/react' or its corresponding type declarations.
__tests__/components/lot-manager-dialog.test.tsx(7,1): error TS2304: Cannot find name 'jest'.
__tests__/components/lot-manager-dialog.test.tsx(8,10): error TS2304: Cannot find name 'jest'.
__tests__/components/lot-manager-dialog.test.tsx(12,1): error TS2304: Cannot find name 'jest'.
__tests__/components/lot-manager-dialog.test.tsx(19,16): error TS2304: Cannot find name 'jest'.
__tests__/components/lot-manager-dialog.test.tsx(26,1): error TS2582: Cannot find name 'describe'. Do you need to install type definitions for a test runner? Try `npm i --save-dev @types/jest` or `npm i --save-dev @types/mocha`.
__tests__/components/lot-manager-dialog.test.tsx(27,28): error TS2304: Cannot find name 'jest'.
__tests__/components/lot-manager-dialog.test.tsx(28,25): error TS2304: Cannot find name 'jest'.
__tests__/components/lot-manager-dialog.test.tsx(30,3): error TS2304: Cannot find name 'beforeEach'.
__tests__/components/lot-manager-dialog.test.tsx(31,5): error TS2304: Cannot find name 'jest'.
__tests__/components/lot-manager-dialog.test.tsx(34,3): error TS2582: Cannot find name 'it'. Do you need to install type definitions for a test runner? Try `npm i --save-dev @types/jest` or `npm i --save-dev @types/mocha`.
__tests__/components/lot-manager-dialog.test.tsx(36,22): error TS2503: Cannot find namespace 'jest'.
__tests__/components/lot-manager-dialog.test.tsx(50,5): error TS2304: Cannot find name 'expect'.
__tests__/components/lot-manager-dialog.test.tsx(53,5): error TS2304: Cannot find name 'expect'.
__tests__/components/lot-manager-dialog.test.tsx(56,3): error TS2582: Cannot find name 'it'. Do you need to install type definitions for a test runner? Try `npm i --save-dev @types/jest` or `npm i --save-dev @types/mocha`.
__tests__/components/lot-manager-dialog.test.tsx(57,22): error TS2503: Cannot find namespace 'jest'.
__tests__/components/lot-manager-dialog.test.tsx(85,7): error TS2304: Cannot find name 'expect'.
__tests__/components/lot-manager-dialog.test.tsx(89,3): error TS2582: Cannot find name 'it'. Do you need to install type definitions for a test runner? Try `npm i --save-dev @types/jest` or `npm i --save-dev @types/mocha`.
__tests__/components/lot-manager-dialog.test.tsx(90,22): error TS2503: Cannot find namespace 'jest'.
__tests__/components/lot-manager-dialog.test.tsx(118,22): error TS2503: Cannot find namespace 'jest'.
__tests__/components/lot-manager-dialog.test.tsx(124,22): error TS2503: Cannot find namespace 'jest'.
__tests__/components/lot-manager-dialog.test.tsx(134,7): error TS2304: Cannot find name 'expect'.
__tests__/components/lot-manager-dialog.test.tsx(136,9): error TS2304: Cannot find name 'expect'.
__tests__/components/lot-manager-dialog.test.tsx(138,17): error TS2304: Cannot find name 'expect'.
__tests__/components/lot-manager-dialog.test.tsx(141,7): error TS2304: Cannot find name 'expect'.
__tests__/components/lot-manager-dialog.test.tsx(142,9): error TS2304: Cannot find name 'expect'.
__tests__/components/lot-manager-dialog.test.tsx(144,7): error TS2304: Cannot find name 'expect'.
__tests__/components/lot-manager-dialog.test.tsx(148,3): error TS2582: Cannot find name 'it'. Do you need to install type definitions for a test runner? Try `npm i --save-dev @types/jest` or `npm i --save-dev @types/mocha`.
__tests__/components/lot-manager-dialog.test.tsx(149,22): error TS2503: Cannot find namespace 'jest'.
__tests__/components/lot-manager-dialog.test.tsx(171,7): error TS2304: Cannot find name 'expect'.
__tests__/components/lot-manager-dialog.test.tsx(172,9): error TS2304: Cannot find name 'expect'.
jest.setup.ts(10,47): error TS2304: Cannot find name 'jest'.
jest.setup.ts(11,54): error TS2304: Cannot find name 'jest'.
jest.setup.ts(12,50): error TS2304: Cannot find name 'jest'.
